
 Ansys Mechanical Enterprise                       


 *------------------------------------------------------------------*
 |                                                                  |
 |   W E L C O M E   T O   T H E   A N S Y S (R)  P R O G R A M     |
 |                                                                  |
 *------------------------------------------------------------------*




 ***************************************************************
 *         ANSYS MAPDL 2024 R2          LEGAL NOTICES          *
 ***************************************************************
 *                                                             *
 * Copyright 1971-2024 Ansys, Inc.  All rights reserved.       *
 * Unauthorized use, distribution or duplication is            *
 * prohibited.                                                 *
 *                                                             *
 * Ansys is a registered trademark of Ansys, Inc. or its       *
 * subsidiaries in the United States or other countries.       *
 * See the Ansys, Inc. online documentation or the Ansys, Inc. *
 * documentation CD or online help for the complete Legal      *
 * Notice.                                                     *
 *                                                             *
 ***************************************************************
 *                                                             *
 * THIS ANSYS SOFTWARE PRODUCT AND PROGRAM DOCUMENTATION       *
 * INCLUDE TRADE SECRETS AND CONFIDENTIAL AND PROPRIETARY      *
 * PRODUCTS OF ANSYS, INC., ITS SUBSIDIARIES, OR LICENSORS.    *
 * The software products and documentation are furnished by    *
 * Ansys, Inc. or its subsidiaries under a software license    *
 * agreement that contains provisions concerning               *
 * non-disclosure, copying, length and nature of use,          *
 * compliance with exporting laws, warranties, disclaimers,    *
 * limitations of liability, and remedies, and other           *
 * provisions.  The software products and documentation may be *
 * used, disclosed, transferred, or copied only in accordance  *
 * with the terms and conditions of that software license      *
 * agreement.                                                  *
 *                                                             *
 * Ansys, Inc. is a UL registered                              *
 * ISO 9001:2015 company.                                      *
 *                                                             *
 ***************************************************************
 *                                                             *
 * This product is subject to U.S. laws governing export and   *
 * re-export.                                                  *
 *                                                             *
 * For U.S. Government users, except as specifically granted   *
 * by the Ansys, Inc. software license agreement, the use,     *
 * duplication, or disclosure by the United States Government  *
 * is subject to restrictions stated in the Ansys, Inc.        *
 * software license agreement and FAR 12.212 (for non-DOD      *
 * licenses).                                                  *
 *                                                             *
 ***************************************************************

 2024 R2 
     
 Point Releases and Patches installed:   
     
 Ansys, Inc. License Manager 2024 R2 
 Discovery 2024 R2   
 Core WB Files 2024 R2   
 SpaceClaim 2024 R2  
 Icepak (includes CFD-Post) 2024 R2  
 Ansys Dynamic Reporting 2024 R2 
 CFD-Post only 2024 R2   
 CFX (includes CFD-Post) 2024 R2 
 Chemkin 2024 R2 
 EnSight 2024 R2 
 FENSAP-ICE 2024 R2  
 Fluent (includes CFD-Post) 2024 R2  
 Polyflow (includes CFD-Post) 2024 R2
 Forte (includes EnSight) 2024 R2
 ICEM CFD 2024 R2
 TurboGrid 2024 R2   
 Speos 2024 R2   
 Speos HPC 2024 R2   
 Zemax OpticStudio 2024 R2   
 optiSLang 2024 R2   
 Remote Solve Manager Standalone Services 2024 R2
 Additive 2024 R2
 Aqwa 2024 R2
 Autodyn 2024 R2 
 Customization Files for User Programmable Features 2024 R2  
 LS-DYNA 2024 R2 
 Material Calibration App 2024 R2
 Mechanical Products 2024 R2 
 Motion 2024 R2  
 Sherlock 2024 R2
 Sound - SAS 2024 R2 
 ACIS Geometry Interface 2024 R2 
 AutoCAD Geometry Interface 2024 R2  
 Catia, Version 4 Geometry Interface 2024 R2 
 Catia, Version 5 Geometry Interface 2024 R2 
 Catia, Version 6 Geometry Interface 2024 R2 
 Creo Elements/Direct Modeling Geometry Interface 2024 R2
 Creo Parametric Geometry Interface 2024 R2  
 Inventor Geometry Interface 2024 R2 
 JTOpen Geometry Interface 2024 R2   
 NX Geometry Interface 2024 R2   
 Parasolid Geometry Interface  2024 R2   
 Solid Edge Geometry Interface 2024 R2   
 SOLIDWORKS Geometry Interface 2024 R2   


          *****  MAPDL COMMAND LINE ARGUMENTS  *****
  BATCH MODE REQUESTED (-b)    = NOLIST
  INPUT FILE COPY MODE (-c)    = COPY
  DISTRIBUTED MEMORY PARALLEL REQUESTED
       4 PARALLEL PROCESSES REQUESTED WITH SINGLE THREAD PER PROCESS
    TOTAL OF     4 CORES REQUESTED
  INPUT FILE NAME              = C:\Users\SRUJANA.S\AppData\Local\Temp\WB_SRUJANA.S_24516_2\_ProjectScratch\Scr187D\dummy.dat
  OUTPUT FILE NAME             = C:\Users\SRUJANA.S\AppData\Local\Temp\WB_SRUJANA.S_24516_2\_ProjectScratch\Scr187D\solve.out
  START-UP FILE MODE           = NOREAD
  STOP FILE MODE               = NOREAD

 RELEASE= 2024 R2              BUILD= 24.2      UP20240603   VERSION=WINDOWS x64 
 CURRENT JOBNAME=file0  16:04:39  AUG 09, 2025 CP=      0.141


 PARAMETER _DS_PROGRESS =     999.0000000    

 /INPUT FILE= ds.dat  LINE=       0



 *** NOTE ***                            CP =       0.469   TIME= 16:04:39
 The /CONFIG,NOELDB command is not valid in a distributed memory         
 parallel solution.  Command is ignored.                                 

 *GET  _WALLSTRT  FROM  ACTI  ITEM=TIME WALL  VALUE=  16.0775000    

 TITLE= 
 wbnew--Steady-State Thermal (A5)                                              

  ACT Extensions:
      LSDYNA, 2024.2
      5f463412-bd3e-484b-87e7-cbc0a665e474, wbex
 /COM,     ANSYSMotion, 2024.2
      20180725-3f81-49eb-9f31-41364844c769, wbex
  

 SET PARAMETER DIMENSIONS ON  _WB_PROJECTSCRATCH_DIR
  TYPE=STRI  DIMENSIONS=      248        1        1

 PARAMETER _WB_PROJECTSCRATCH_DIR(1) = C:\Users\SRUJANA.S\AppData\Local\Temp\WB_SRUJANA.S_24516_2\_ProjectScratch\Scr187D\

 SET PARAMETER DIMENSIONS ON  _WB_SOLVERFILES_DIR
  TYPE=STRI  DIMENSIONS=      248        1        1

 PARAMETER _WB_SOLVERFILES_DIR(1) = C:\Users\SRUJANA.S\AppData\Local\Temp\WB_SRUJANA.S_24516_2\wbnew_files\dp0\SYS\MECH\

 SET PARAMETER DIMENSIONS ON  _WB_USERFILES_DIR
  TYPE=STRI  DIMENSIONS=      248        1        1

 PARAMETER _WB_USERFILES_DIR(1) = C:\Users\SRUJANA.S\AppData\Local\Temp\WB_SRUJANA.S_24516_2\wbnew_files\user_files\
 --- Data in consistent MKS units. See Solving Units in the help system for more

 MKS UNITS SPECIFIED FOR INTERNAL    
  LENGTH        (l)  = METER (M)
  MASS          (M)  = KILOGRAM (KG)
  TIME          (t)  = SECOND (SEC)
  TEMPERATURE   (T)  = CELSIUS (C)
  TOFFSET            = 273.0
  CHARGE        (Q)  = COULOMB
  FORCE         (f)  = NEWTON (N) (KG-M/SEC2)
  HEAT               = JOULE (N-M)

  PRESSURE           = PASCAL (NEWTON/M**2)
  ENERGY        (W)  = JOULE (N-M)
  POWER         (P)  = WATT (N-M/SEC)
  CURRENT       (i)  = AMPERE (COULOMBS/SEC)
  CAPACITANCE   (C)  = FARAD
  INDUCTANCE    (L)  = HENRY
  MAGNETIC FLUX      = WEBER
  RESISTANCE    (R)  = OHM
  ELECTRIC POTENTIAL = VOLT

 INPUT  UNITS ARE ALSO SET TO MKS 

 *** MAPDL - ENGINEERING ANALYSIS SYSTEM  RELEASE 2024 R2          24.2     ***
 Ansys Mechanical Enterprise                       
 20230322  VERSION=WINDOWS x64   16:04:39  AUG 09, 2025 CP=      0.484

 wbnew--Steady-State Thermal (A5)                                              



          ***** MAPDL ANALYSIS DEFINITION (PREP7) *****
 *********** Nodes for the whole assembly ***********
 *********** Elements for Body 1 'Component1\Panel' ***********
 *********** Elements for Body 2 'Solid' ***********
 *********** Send User Defined Coordinate System(s) ***********
 *********** Send Materials ***********
 *********** Create "ToSurface(Open)" Radiation ***********
 *********** Create "Internal Heat Generation" ***********
 ***************** Define Uniform Initial temperature ***************


 ***** ROUTINE COMPLETED *****  CP =         0.672


 --- Number of total nodes = 1724
 --- Number of contact elements = 0
 --- Number of spring elements = 0
 --- Number of bearing elements = 0
 --- Number of solid elements = 3044
 --- Number of condensed parts = 0
 --- Number of total elements = 3044

 *GET  _WALLBSOL  FROM  ACTI  ITEM=TIME WALL  VALUE=  16.0775000    
 ****************************************************************************
 *************************    SOLUTION       ********************************
 ****************************************************************************

 *****  MAPDL SOLUTION ROUTINE  *****


 PERFORM A STATIC ANALYSIS
  THIS WILL BE A NEW ANALYSIS

 CONTACT INFORMATION PRINTOUT LEVEL       1

 DO NOT SAVE ANY RESTART FILES AT ALL

 DO NOT COMBINE ELEMENT MATRIX FILES (.emat) AFTER DISTRIBUTED PARALLEL SOLUTION

 DO NOT COMBINE ELEMENT SAVE DATA FILES (.esav) AFTER DISTRIBUTED PARALLEL SOLUTION
 ****************************************************
 ******************* SOLVE FOR LS 1 OF 1 ****************

 SPECIFIED SURFACE LOAD RDSF FOR ALL PICKED ELEMENTS  LKEY = 1   KVAL = 1
     VALUES =    0.70000        0.70000        0.70000        0.70000    

 SPECIFIED SURFACE LOAD RDSF FOR ALL PICKED ELEMENTS  LKEY = 1   KVAL = 2
     VALUES =     1.0000         1.0000         1.0000         1.0000    

 SPECIFIED SURFACE LOAD RDSF FOR ALL PICKED ELEMENTS  LKEY = 2   KVAL = 1
     VALUES =    0.70000        0.70000        0.70000        0.70000    

 SPECIFIED SURFACE LOAD RDSF FOR ALL PICKED ELEMENTS  LKEY = 2   KVAL = 2
     VALUES =     1.0000         1.0000         1.0000         1.0000    

 SPECIFIED SURFACE LOAD RDSF FOR ALL PICKED ELEMENTS  LKEY = 4   KVAL = 1
     VALUES =    0.70000        0.70000        0.70000        0.70000    

 SPECIFIED SURFACE LOAD RDSF FOR ALL PICKED ELEMENTS  LKEY = 4   KVAL = 2
     VALUES =     1.0000         1.0000         1.0000         1.0000    

 SPECIFIED SURFACE LOAD RDSF FOR ALL PICKED ELEMENTS  LKEY = 5   KVAL = 1
     VALUES =    0.70000        0.70000        0.70000        0.70000    

 SPECIFIED SURFACE LOAD RDSF FOR ALL PICKED ELEMENTS  LKEY = 5   KVAL = 2
     VALUES =     1.0000         1.0000         1.0000         1.0000    

 ALL SELECT   FOR ITEM=NODE COMPONENT=    
  IN RANGE         1 TO       1724 STEP          1

       1724  NODES (OF       1724  DEFINED) SELECTED BY NSEL  COMMAND.

 ALL SELECT   FOR ITEM=ELEM COMPONENT=    
  IN RANGE         1 TO       3044 STEP          1

       3044  ELEMENTS (OF       3044  DEFINED) SELECTED BY  ESEL  COMMAND.

 SPECIFIED CONSTRAINT TEMP FOR PICKED NODES 
 REAL=  22.0000000       IMAG=  0.00000000    

 ALL SELECT   FOR ITEM=NODE COMPONENT=    
  IN RANGE         1 TO       1724 STEP          1

       1724  NODES (OF       1724  DEFINED) SELECTED BY NSEL  COMMAND.

 ALL SELECT   FOR ITEM=ELEM COMPONENT=    
  IN RANGE         1 TO       3044 STEP          1

       3044  ELEMENTS (OF       3044  DEFINED) SELECTED BY  ESEL  COMMAND.

 SPECIFIED BODY FORCE HGEN FOR ALL PICKED ELEMENTS AT STARTING LOCATION      1
    10000.0000      0.00000000      0.00000000      0.00000000    

 PRINTOUT RESUMED BY /GOP

 USE AUTOMATIC TIME STEPPING THIS LOAD STEP

 USE      25 SUBSTEPS INITIALLY THIS LOAD STEP FOR ALL  DEGREES OF FREEDOM
 FOR AUTOMATIC TIME STEPPING:
   USE    100 SUBSTEPS AS A MAXIMUM
   USE     10 SUBSTEPS AS A MINIMUM

 TIME=  1.0000    

 ERASE THE CURRENT DATABASE OUTPUT CONTROL TABLE.


 WRITE ALL  ITEMS TO THE DATABASE WITH A FREQUENCY OF NONE
   FOR ALL APPLICABLE ENTITIES

 WRITE NSOL ITEMS TO THE DATABASE WITH A FREQUENCY OF ALL 
   FOR ALL APPLICABLE ENTITIES

 WRITE RSOL ITEMS TO THE DATABASE WITH A FREQUENCY OF ALL 
   FOR ALL APPLICABLE ENTITIES

 WRITE EANG ITEMS TO THE DATABASE WITH A FREQUENCY OF ALL 
   FOR ALL APPLICABLE ENTITIES

 WRITE VENG ITEMS TO THE DATABASE WITH A FREQUENCY OF ALL 
   FOR ALL APPLICABLE ENTITIES

 WRITE FFLU ITEMS TO THE DATABASE WITH A FREQUENCY OF ALL 
   FOR ALL APPLICABLE ENTITIES

 WRITE CONT ITEMS TO THE DATABASE WITH A FREQUENCY OF ALL 
   FOR ALL APPLICABLE ENTITIES

 WRITE MISC ITEMS TO THE DATABASE WITH A FREQUENCY OF ALL 
   FOR ALL APPLICABLE ENTITIES

 CONVERGENCE ON HEAT BASED ON THE NORM OF THE N-R LOAD
   WITH A TOLERANCE OF 0.1000E-03 AND A MINIMUM REFERENCE VALUE OF 0.1000E-05
   USING THE L2 NORM (CHECK THE SRSS VALUE)

 UNDER RELAXATION FOR RADIATION FLUX=   0.10000

 TOLERENCE FOR RADIOSITY FLUX=   0.00010

 USING JACOBI ITERATIVE SOLVER FOR RADIOSITY SOLUTION
 FOR 3D ENCLOSURES.
 USING GSEIDEL ITERATIVE SOLVER FOR RADIOSITY SOLUTION
 FOR 2D ENCLOSURES.

 MAXIMUM NUMBER OF ITERATIONS=  1000
 TOLERENCE FOR ITERATIVE SOLVER=   0.10000
 RELAXATION FOR ITERATIVE SOLVER=   0.10000

 HEMICUBE RESOLUTION=   10

 MIN NORMALIZED DIST BEFORE AUTO SUBDIVIDE= 1.000000000E-06

 SELECT      COMPONENT _CM36                                                                                                                                                                                                                                                           

 SELECT      ALL ELEMENTS HAVING ANY NODE IN NODAL SET.

       1536 ELEMENTS (OF       3044  DEFINED) SELECTED FROM
      637 SELECTED NODES BY  ESLN COMMAND.

BEFORE SYMMETRIZATION:

NUMBER OF RADIATION NODES CREATED =        637

NUMBER OF RADIOSITY SURFACE ELEMENTS CREATED =        831

AFTER SYMMETRIZATION:

FULL NUMBER OF RADIATION NODES CREATED =        637

FULL NUMBER OF RADIOSITY SURFACE ELEMENTS CREATED =       831

 ALL SELECT   FOR ITEM=NODE COMPONENT=    
  IN RANGE         1 TO       2361 STEP          1

       2361  NODES (OF       2361  DEFINED) SELECTED BY NSEL  COMMAND.

 ALL SELECT   FOR ITEM=ELEM COMPONENT=    
  IN RANGE         1 TO       3875 STEP          1

       3875  ELEMENTS (OF       3875  DEFINED) SELECTED BY  ESEL  COMMAND.

 *GET  ANSINTER_  FROM  ACTI  ITEM=INT        VALUE=  0.00000000    

 *IF  ANSINTER_  ( =   0.00000     )  NE  
      0  ( =   0.00000     )  THEN    

 *ENDIF

 *** NOTE ***                            CP =       0.891   TIME= 16:04:39
 The automatic domain decomposition logic has selected the MESH domain   
 decomposition method with 4 processes per solution.                     

 *****  MAPDL SOLVE    COMMAND  *****

 CALCULATING VIEW FACTORS USING HEMICUBE METHOD

 RETRIEVED    1 ENCLOSURES.
 TOTAL OF      831 DEFINED ELEMENT FACES.

 # ENCLOSURE =     1 # SURFACES =   831 # NODES =   637

TIME OF CALCULATION FOR THIS ENCLOSURE =   0.171875    

 CHECKING VIEW FACTOR SUM

 *** NOTE ***                            CP =       1.188   TIME= 16:04:39
 Some of the rows in the viewfactor matrix have all zeros for enclosure  
 1.                                                                      

 VIEW FACTOR CALCULATION COMPLETE

 WRITING VIEW FACTORS TO FILE file0.vf                                                                                                                                                                                                                                                            
 VIEW FACTORS WERE WRITTEN TO FILE file0.vf                                                                                                                                                                                                                                                            

 *** WARNING ***                         CP =       1.250   TIME= 16:04:39
 Element shape checking is currently inactive.  Issue SHPP,ON or         
 SHPP,WARN to reactivate, if desired.                                    

 *** NOTE ***                            CP =       1.250   TIME= 16:04:39
 The model data was checked and warning messages were found.             
  Please review output or errors file (                                  
 C:\Users\SRUJANA.S\AppData\Local\Temp\WB_SRUJANA.S_24516_2\_ProjectScra 
 atch\Scr187D\file0.err ) for these warning messages.                    

 *** MAPDL - ENGINEERING ANALYSIS SYSTEM  RELEASE 2024 R2          24.2     ***
 Ansys Mechanical Enterprise                       
 20230322  VERSION=WINDOWS x64   16:04:39  AUG 09, 2025 CP=      1.312

 wbnew--Steady-State Thermal (A5)                                              



                       S O L U T I O N   O P T I O N S

   PROBLEM DIMENSIONALITY. . . . . . . . . . . . .3-D                  
   DEGREES OF FREEDOM. . . . . . TEMP
   ANALYSIS TYPE . . . . . . . . . . . . . . . . .STATIC (STEADY-STATE)
   OFFSET TEMPERATURE FROM ABSOLUTE ZERO . . . . .  273.15    
   GLOBALLY ASSEMBLED MATRIX . . . . . . . . . . .SYMMETRIC  

 *** NOTE ***                            CP =       1.312   TIME= 16:04:39
 This nonlinear analysis defaults to using the full Newton-Raphson       
 solution procedure.  This can be modified using the NROPT command.      

 *** NOTE ***                            CP =       1.312   TIME= 16:04:39
 The conditions for direct assembly have been met.  No .emat or .erot    
 files will be produced.                                                 

  
  
     D I S T R I B U T E D   D O M A I N   D E C O M P O S E R
  
  ...Number of elements: 3875
  ...Number of nodes:    2361
  ...Decompose to 4 CPU domains
  ...Element load balance ratio =     1.072


                      L O A D   S T E P   O P T I O N S

   LOAD STEP NUMBER. . . . . . . . . . . . . . . .     1
   TIME AT END OF THE LOAD STEP. . . . . . . . . .  1.0000    
   AUTOMATIC TIME STEPPING . . . . . . . . . . . .    ON
      INITIAL NUMBER OF SUBSTEPS . . . . . . . . .    25
      MAXIMUM NUMBER OF SUBSTEPS . . . . . . . . .   100
      MINIMUM NUMBER OF SUBSTEPS . . . . . . . . .    10
   MAXIMUM NUMBER OF EQUILIBRIUM ITERATIONS. . . .    15
   STEP CHANGE BOUNDARY CONDITIONS . . . . . . . .    NO
   TERMINATE ANALYSIS IF NOT CONVERGED . . . . . .YES (EXIT)  
   CONVERGENCE CONTROLS
      LABEL   REFERENCE    TOLERANCE  NORM     MINREF
       HEAT    0.000       0.1000E-03   2     0.1000E-05
   PRINT OUTPUT CONTROLS . . . . . . . . . . . . .NO PRINTOUT
   DATABASE OUTPUT CONTROLS
      ITEM     FREQUENCY   COMPONENT
       ALL       NONE               
      NSOL        ALL               
      RSOL        ALL               
      EANG        ALL               
      VENG        ALL               
      FFLU        ALL               
      CONT        ALL               
      MISC        ALL               


 SOLUTION MONITORING INFO IS WRITTEN TO FILE= file.mntr                                                                                                                                                                                                                                                           
 MAXIMUM NUMBER OF EQUILIBRIUM ITERATIONS HAS BEEN MODIFIED              
  TO BE, NEQIT = 1000, BY SOLUTION CONTROL LOGIC.                        

 RADIOSITY SOLVER CALCULATION
 ENCLOSURE NUMBER=   1
 RADIOSITY SOLVER CONVERGED AFTER   66 ITERATIONS
 TIME OF RADIOSITY SOLVER FOR ENCLOSURE=  0.109375    
 RAD FLUX CONVERGENCE VALUE=   1.00000     CRITERION=  0.100000E-03





            **** CENTER OF MASS, MASS, AND MASS MOMENTS OF INERTIA ****

  CALCULATIONS ASSUME ELEMENT MASS AT ELEMENT CENTROID

  TOTAL MASS =   601.83    

                           MOM. OF INERTIA         MOM. OF INERTIA
  CENTER OF MASS            ABOUT ORIGIN        ABOUT CENTER OF MASS

  XC =   6.6310          IXX =    1310.          IXX =    201.4    
  YC =  0.53260E-01      IYY =   0.2791E+05      IYY =    341.6    
  ZC =   1.3564          IZZ =   0.2667E+05      IZZ =    201.4    
                         IXY =   -212.5          IXY =  -0.1859E-02
                         IYZ =   -43.48          IYZ =  -0.4562E-02
                         IZX =   -5413.          IZX =   0.1780E-03


  *** MASS SUMMARY BY ELEMENT TYPE ***

  TYPE      MASS
     1   569.780    
     2   32.0515    

 Range of element maximum matrix coefficients in global coordinates
 Maximum = 10.0817514 at element 20.                                     
 Minimum = 0.356613668 at element 1038.                                  

   *** ELEMENT MATRIX FORMULATION TIMES
     TYPE    NUMBER   ENAME      TOTAL CP  AVE CP

        1       722  SOLID278      0.016   0.000022
        2      2322  SOLID278      0.109   0.000047
        3       831  SURF252       0.031   0.000038
 Time at end of element matrix formulation CP = 1.875.                   
     HT FLOW CONVERGENCE VALUE=  0.1039      CRITERION=  0.2643    

 DISTRIBUTED SPARSE MATRIX DIRECT SOLVER.
  Number of equations =        1723,    Maximum wavefront =     15


  Memory allocated on only this MPI rank (rank     0)
  -------------------------------------------------------------------
  Equation solver memory allocated                     =     0.684 MB
  Equation solver memory required for in-core mode     =     0.656 MB
  Equation solver memory required for out-of-core mode =     0.578 MB
  Total (solver and non-solver) memory allocated       =   396.856 MB


  Total memory summed across all MPI ranks on this machines
  -------------------------------------------------------------------
  Equation solver memory allocated                     =     2.687 MB
  Equation solver memory required for in-core mode     =     2.585 MB
  Equation solver memory required for out-of-core mode =     2.433 MB
  Total (solver and non-solver) memory allocated       =   732.730 MB

 *** NOTE ***                            CP =       1.922   TIME= 16:04:40
 The Distributed Sparse Matrix Solver is currently running in the        
 in-core memory mode.  This memory mode uses the most amount of memory   
 in order to avoid using the hard drive as much as possible, which most  
 often results in the fastest solution time.  This mode is recommended   
 if enough physical memory is present to accommodate all of the solver   
 data.                                                                   
 Distributed sparse solver maximum pivot= 43.1890858 at node 446 TEMP.   
 Distributed sparse solver minimum pivot= 1.5934465 at node 1436 TEMP.   
 Distributed sparse solver minimum pivot in absolute value= 1.5934465 at 
 node 1436 TEMP.                                                         
    EQUIL ITER   1 COMPLETED.  NEW TRIANG MATRIX.  MAX DOF INC=  0.9390E-01
     HT FLOW CONVERGENCE VALUE=  0.1659E-11  CRITERION=  0.2643     <<< CONVERGED
    >>> SOLUTION CONVERGED AFTER EQUILIBRIUM ITERATION   1

 RADIOSITY SOLVER CALCULATION
 ENCLOSURE NUMBER=   1
 RADIOSITY SOLVER CONVERGED AFTER    4 ITERATIONS
 TIME OF RADIOSITY SOLVER FOR ENCLOSURE=   0.00000    
 RAD FLUX CONVERGENCE VALUE=  0.558636E-03 CRITERION=  0.100000E-03

     HT FLOW CONVERGENCE VALUE=  0.2141      CRITERION=  0.3999     <<< CONVERGED
    >>> SOLUTION CONVERGED AFTER EQUILIBRIUM ITERATION   1

 RADIOSITY SOLVER CALCULATION
 ENCLOSURE NUMBER=   1
 RADIOSITY SOLVER CONVERGED AFTER    1 ITERATIONS
 TIME OF RADIOSITY SOLVER FOR ENCLOSURE=   0.00000    
 RAD FLUX CONVERGENCE VALUE=  0.107360E-03 CRITERION=  0.100000E-03

     HT FLOW CONVERGENCE VALUE=  0.2131      CRITERION=  0.2770     <<< CONVERGED
    >>> SOLUTION CONVERGED AFTER EQUILIBRIUM ITERATION   1

 RADIOSITY SOLVER CALCULATION
 ENCLOSURE NUMBER=   1
 RADIOSITY SOLVER CONVERGED AFTER    1 ITERATIONS
 TIME OF RADIOSITY SOLVER FOR ENCLOSURE=   0.00000    
 RAD FLUX CONVERGENCE VALUE=  0.968874E-04 CRITERION=  0.100000E-03

 RADIOSITY FLUX CONVERGED AFTER ITERATION=    4 SUBSTEP=    1

     HT FLOW CONVERGENCE VALUE=  0.2123      CRITERION=  0.2146     <<< CONVERGED
    >>> SOLUTION CONVERGED AFTER EQUILIBRIUM ITERATION   1

   *** ELEMENT RESULT CALCULATION TIMES
     TYPE    NUMBER   ENAME      TOTAL CP  AVE CP

        1       722  SOLID278      0.000   0.000000
        2      2322  SOLID278      0.031   0.000013
        3       831  SURF252       0.016   0.000019

   *** NODAL LOAD CALCULATION TIMES
     TYPE    NUMBER   ENAME      TOTAL CP  AVE CP

        1       722  SOLID278      0.000   0.000000
        2      2322  SOLID278      0.016   0.000007
        3       831  SURF252       0.016   0.000019
 *** LOAD STEP     1   SUBSTEP     1  COMPLETED.    CUM ITER =      1
 *** TIME =  0.400000E-01     TIME INC =  0.400000E-01
 *** AUTO STEP TIME:  NEXT TIME INC = 0.40000E-01  UNCHANGED

     HT FLOW CONVERGENCE VALUE=  0.2406      CRITERION=  0.2146    
    EQUIL ITER   1 COMPLETED.  NEW TRIANG MATRIX.  MAX DOF INC=   13.95    
     HT FLOW CONVERGENCE VALUE=  0.1704E-11  CRITERION=  0.2146     <<< CONVERGED
    >>> SOLUTION CONVERGED AFTER EQUILIBRIUM ITERATION   1

 RADIOSITY SOLVER CALCULATION
 ENCLOSURE NUMBER=   1
 RADIOSITY SOLVER CONVERGED AFTER   41 ITERATIONS
 TIME OF RADIOSITY SOLVER FOR ENCLOSURE=   0.00000    
 RAD FLUX CONVERGENCE VALUE=  0.980599E-01 CRITERION=  0.100000E-03

     HT FLOW CONVERGENCE VALUE=  0.2930      CRITERION=  0.2655E-02
    EQUIL ITER   2 COMPLETED.  NEW TRIANG MATRIX.  MAX DOF INC=  -7.909    
     HT FLOW CONVERGENCE VALUE=  0.1593E-11  CRITERION=  0.2655E-02 <<< CONVERGED
    >>> SOLUTION CONVERGED AFTER EQUILIBRIUM ITERATION   2

 RADIOSITY SOLVER CALCULATION
 ENCLOSURE NUMBER=   1
 RADIOSITY SOLVER CONVERGED AFTER   35 ITERATIONS
 TIME OF RADIOSITY SOLVER FOR ENCLOSURE=  0.156250E-01
 RAD FLUX CONVERGENCE VALUE=  0.573195E-01 CRITERION=  0.100000E-03

     HT FLOW CONVERGENCE VALUE=  0.2948E-01  CRITERION=  0.1864E-02
    EQUIL ITER   3 COMPLETED.  NEW TRIANG MATRIX.  MAX DOF INC= -0.3921E-01
     HT FLOW CONVERGENCE VALUE=  0.1696E-11  CRITERION=  0.1864E-02 <<< CONVERGED
    >>> SOLUTION CONVERGED AFTER EQUILIBRIUM ITERATION   3

 RADIOSITY SOLVER CALCULATION
 ENCLOSURE NUMBER=   1
 RADIOSITY SOLVER CONVERGED AFTER    2 ITERATIONS
 TIME OF RADIOSITY SOLVER FOR ENCLOSURE=   0.00000    
 RAD FLUX CONVERGENCE VALUE=  0.334686E-03 CRITERION=  0.100000E-03

     HT FLOW CONVERGENCE VALUE=  0.8923E-02  CRITERION=  0.3194E-01 <<< CONVERGED
    >>> SOLUTION CONVERGED AFTER EQUILIBRIUM ITERATION   3

 RADIOSITY SOLVER CALCULATION
 ENCLOSURE NUMBER=   1
 RADIOSITY SOLVER CONVERGED AFTER    1 ITERATIONS
 TIME OF RADIOSITY SOLVER FOR ENCLOSURE=   0.00000    
 RAD FLUX CONVERGENCE VALUE=  0.142771E-03 CRITERION=  0.100000E-03

     HT FLOW CONVERGENCE VALUE=  0.5983      CRITERION=   15.54     <<< CONVERGED
    >>> SOLUTION CONVERGED AFTER EQUILIBRIUM ITERATION   3

 RADIOSITY SOLVER CALCULATION
 ENCLOSURE NUMBER=   1
 RADIOSITY SOLVER CONVERGED AFTER    1 ITERATIONS
 TIME OF RADIOSITY SOLVER FOR ENCLOSURE=   0.00000    
 RAD FLUX CONVERGENCE VALUE=  0.128551E-03 CRITERION=  0.100000E-03

     HT FLOW CONVERGENCE VALUE=  0.8696E-02  CRITERION=  0.8649E-01 <<< CONVERGED
    >>> SOLUTION CONVERGED AFTER EQUILIBRIUM ITERATION   3

 RADIOSITY SOLVER CALCULATION
 ENCLOSURE NUMBER=   1
 RADIOSITY SOLVER CONVERGED AFTER    1 ITERATIONS
 TIME OF RADIOSITY SOLVER FOR ENCLOSURE=   0.00000    
 RAD FLUX CONVERGENCE VALUE=  0.115745E-03 CRITERION=  0.100000E-03

     HT FLOW CONVERGENCE VALUE=  0.9366E-02  CRITERION=  0.1510     <<< CONVERGED
    >>> SOLUTION CONVERGED AFTER EQUILIBRIUM ITERATION   3

 RADIOSITY SOLVER CALCULATION
 ENCLOSURE NUMBER=   1
 RADIOSITY SOLVER CONVERGED AFTER    1 ITERATIONS
 TIME OF RADIOSITY SOLVER FOR ENCLOSURE=   0.00000    
 RAD FLUX CONVERGENCE VALUE=  0.104215E-03 CRITERION=  0.100000E-03

     HT FLOW CONVERGENCE VALUE=  0.8232E-02  CRITERION=  0.5772E-01 <<< CONVERGED
    >>> SOLUTION CONVERGED AFTER EQUILIBRIUM ITERATION   3

 RADIOSITY SOLVER CALCULATION
 ENCLOSURE NUMBER=   1
 RADIOSITY SOLVER CONVERGED AFTER    1 ITERATIONS
 TIME OF RADIOSITY SOLVER FOR ENCLOSURE=   0.00000    
 RAD FLUX CONVERGENCE VALUE=  0.938324E-04 CRITERION=  0.100000E-03

 RADIOSITY FLUX CONVERGED AFTER ITERATION=    8 SUBSTEP=    2

     HT FLOW CONVERGENCE VALUE=  0.1814E-01  CRITERION=  0.4651     <<< CONVERGED
    >>> SOLUTION CONVERGED AFTER EQUILIBRIUM ITERATION   3
 *** LOAD STEP     1   SUBSTEP     2  COMPLETED.    CUM ITER =      4
 *** TIME =  0.800000E-01     TIME INC =  0.400000E-01
 *** AUTO STEP TIME:  NEXT TIME INC = 0.40000E-01  UNCHANGED

     HT FLOW CONVERGENCE VALUE=  0.8224E-01  CRITERION=  0.4651    
    EQUIL ITER   1 COMPLETED.  NEW TRIANG MATRIX.  MAX DOF INC=   3.167    
     HT FLOW CONVERGENCE VALUE=  0.1704E-11  CRITERION=  0.4651     <<< CONVERGED
    >>> SOLUTION CONVERGED AFTER EQUILIBRIUM ITERATION   1

 RADIOSITY SOLVER CALCULATION
 ENCLOSURE NUMBER=   1
 RADIOSITY SOLVER CONVERGED AFTER   26 ITERATIONS
 TIME OF RADIOSITY SOLVER FOR ENCLOSURE=  0.156250E-01
 RAD FLUX CONVERGENCE VALUE=  0.208477E-01 CRITERION=  0.100000E-03

     HT FLOW CONVERGENCE VALUE=  0.1856E-01  CRITERION=  0.1728E-02
    EQUIL ITER   2 COMPLETED.  NEW TRIANG MATRIX.  MAX DOF INC=  0.2392    
     HT FLOW CONVERGENCE VALUE=  0.1622E-11  CRITERION=  0.1728E-02 <<< CONVERGED
    >>> SOLUTION CONVERGED AFTER EQUILIBRIUM ITERATION   2

 RADIOSITY SOLVER CALCULATION
 ENCLOSURE NUMBER=   1
 RADIOSITY SOLVER CONVERGED AFTER    8 ITERATIONS
 TIME OF RADIOSITY SOLVER FOR ENCLOSURE=   0.00000    
 RAD FLUX CONVERGENCE VALUE=  0.183331E-02 CRITERION=  0.100000E-03

     HT FLOW CONVERGENCE VALUE=  0.4495E-02  CRITERION=  0.2518E-02
    EQUIL ITER   3 COMPLETED.  NEW TRIANG MATRIX.  MAX DOF INC= -0.2370E-01
     HT FLOW CONVERGENCE VALUE=  0.1649E-11  CRITERION=  0.2518E-02 <<< CONVERGED
    >>> SOLUTION CONVERGED AFTER EQUILIBRIUM ITERATION   3

 RADIOSITY SOLVER CALCULATION
 ENCLOSURE NUMBER=   1
 RADIOSITY SOLVER CONVERGED AFTER    1 ITERATIONS
 TIME OF RADIOSITY SOLVER FOR ENCLOSURE=   0.00000    
 RAD FLUX CONVERGENCE VALUE=  0.121122E-03 CRITERION=  0.100000E-03

     HT FLOW CONVERGENCE VALUE=  0.3629E-02  CRITERION=  0.2629E-02
    EQUIL ITER   4 COMPLETED.  NEW TRIANG MATRIX.  MAX DOF INC= -0.4074E-01
     HT FLOW CONVERGENCE VALUE=  0.1647E-11  CRITERION=  0.2629E-02 <<< CONVERGED
    >>> SOLUTION CONVERGED AFTER EQUILIBRIUM ITERATION   4

 RADIOSITY SOLVER CALCULATION
 ENCLOSURE NUMBER=   1
 RADIOSITY SOLVER CONVERGED AFTER    1 ITERATIONS
 TIME OF RADIOSITY SOLVER FOR ENCLOSURE=   0.00000    
 RAD FLUX CONVERGENCE VALUE=  0.788900E-04 CRITERION=  0.100000E-03

 RADIOSITY FLUX CONVERGED AFTER ITERATION=    4 SUBSTEP=    3

     HT FLOW CONVERGENCE VALUE=  0.3441E-02  CRITERION=  0.2117E-02
    EQUIL ITER   5 COMPLETED.  NEW TRIANG MATRIX.  MAX DOF INC= -0.5152E-01
     HT FLOW CONVERGENCE VALUE=  0.1692E-11  CRITERION=  0.2117E-02 <<< CONVERGED
    >>> SOLUTION CONVERGED AFTER EQUILIBRIUM ITERATION   5
 *** LOAD STEP     1   SUBSTEP     3  COMPLETED.    CUM ITER =      9
 *** TIME =  0.120000         TIME INC =  0.400000E-01
 *** AUTO STEP TIME:  NEXT TIME INC = 0.40000E-01  UNCHANGED

     HT FLOW CONVERGENCE VALUE=  0.7911E-01  CRITERION=  0.2117E-02
    EQUIL ITER   1 COMPLETED.  NEW TRIANG MATRIX.  MAX DOF INC=   3.123    
     HT FLOW CONVERGENCE VALUE=  0.1554E-11  CRITERION=  0.2117E-02 <<< CONVERGED
    >>> SOLUTION CONVERGED AFTER EQUILIBRIUM ITERATION   1

 RADIOSITY SOLVER CALCULATION
 ENCLOSURE NUMBER=   1
 RADIOSITY SOLVER CONVERGED AFTER   27 ITERATIONS
 TIME OF RADIOSITY SOLVER FOR ENCLOSURE=  0.156250E-01
 RAD FLUX CONVERGENCE VALUE=  0.220502E-01 CRITERION=  0.100000E-03

     HT FLOW CONVERGENCE VALUE=  0.8427E-02  CRITERION=  0.1864E-02
    EQUIL ITER   2 COMPLETED.  NEW TRIANG MATRIX.  MAX DOF INC= -0.1289    
     HT FLOW CONVERGENCE VALUE=  0.1682E-11  CRITERION=  0.1864E-02 <<< CONVERGED
    >>> SOLUTION CONVERGED AFTER EQUILIBRIUM ITERATION   2

 RADIOSITY SOLVER CALCULATION
 ENCLOSURE NUMBER=   1
 RADIOSITY SOLVER CONVERGED AFTER    1 ITERATIONS
 TIME OF RADIOSITY SOLVER FOR ENCLOSURE=   0.00000    
 RAD FLUX CONVERGENCE VALUE=  0.394130E-04 CRITERION=  0.100000E-03

 RADIOSITY FLUX CONVERGED AFTER ITERATION=    2 SUBSTEP=    4

     HT FLOW CONVERGENCE VALUE=  0.5960E-02  CRITERION=  0.3350E-02
    EQUIL ITER   3 COMPLETED.  NEW TRIANG MATRIX.  MAX DOF INC= -0.1329    
     HT FLOW CONVERGENCE VALUE=  0.1633E-11  CRITERION=  0.3350E-02 <<< CONVERGED
    >>> SOLUTION CONVERGED AFTER EQUILIBRIUM ITERATION   3
 *** LOAD STEP     1   SUBSTEP     4  COMPLETED.    CUM ITER =     12
 *** TIME =  0.160000         TIME INC =  0.400000E-01
 *** AUTO TIME STEP:  NEXT TIME INC = 0.60000E-01  INCREASED (FACTOR = 1.5000)

     HT FLOW CONVERGENCE VALUE=  0.1187      CRITERION=  0.3350E-02
    EQUIL ITER   1 COMPLETED.  NEW TRIANG MATRIX.  MAX DOF INC=   4.585    
     HT FLOW CONVERGENCE VALUE=  0.1573E-11  CRITERION=  0.3350E-02 <<< CONVERGED
    >>> SOLUTION CONVERGED AFTER EQUILIBRIUM ITERATION   1

 RADIOSITY SOLVER CALCULATION
 ENCLOSURE NUMBER=   1
 RADIOSITY SOLVER CONVERGED AFTER   30 ITERATIONS
 TIME OF RADIOSITY SOLVER FOR ENCLOSURE=  0.156250E-01
 RAD FLUX CONVERGENCE VALUE=  0.321531E-01 CRITERION=  0.100000E-03

     HT FLOW CONVERGENCE VALUE=  0.1673E-01  CRITERION=  0.6726E-02
    EQUIL ITER   2 COMPLETED.  NEW TRIANG MATRIX.  MAX DOF INC= -0.2357    
     HT FLOW CONVERGENCE VALUE=  0.1712E-11  CRITERION=  0.6726E-02 <<< CONVERGED
    >>> SOLUTION CONVERGED AFTER EQUILIBRIUM ITERATION   2

 RADIOSITY SOLVER CALCULATION
 ENCLOSURE NUMBER=   1
 RADIOSITY SOLVER CONVERGED AFTER    1 ITERATIONS
 TIME OF RADIOSITY SOLVER FOR ENCLOSURE=   0.00000    
 RAD FLUX CONVERGENCE VALUE=  0.383359E-04 CRITERION=  0.100000E-03

 RADIOSITY FLUX CONVERGED AFTER ITERATION=    2 SUBSTEP=    5

     HT FLOW CONVERGENCE VALUE=  0.2615E-01  CRITERION=  0.9259E-02
    EQUIL ITER   3 COMPLETED.  NEW TRIANG MATRIX.  MAX DOF INC= -0.2270    
     HT FLOW CONVERGENCE VALUE=  0.1691E-11  CRITERION=  0.9259E-02 <<< CONVERGED
    >>> SOLUTION CONVERGED AFTER EQUILIBRIUM ITERATION   3
 *** LOAD STEP     1   SUBSTEP     5  COMPLETED.    CUM ITER =     15
 *** TIME =  0.220000         TIME INC =  0.600000E-01
 *** AUTO TIME STEP:  NEXT TIME INC = 0.90000E-01  INCREASED (FACTOR = 1.5000)

     HT FLOW CONVERGENCE VALUE=  0.1780      CRITERION=  0.9259E-02
    EQUIL ITER   1 COMPLETED.  NEW TRIANG MATRIX.  MAX DOF INC=   6.687    
     HT FLOW CONVERGENCE VALUE=  0.1536E-11  CRITERION=  0.9259E-02 <<< CONVERGED
    >>> SOLUTION CONVERGED AFTER EQUILIBRIUM ITERATION   1

 RADIOSITY SOLVER CALCULATION
 ENCLOSURE NUMBER=   1
 RADIOSITY SOLVER CONVERGED AFTER   34 ITERATIONS
 TIME OF RADIOSITY SOLVER FOR ENCLOSURE=  0.156250E-01
 RAD FLUX CONVERGENCE VALUE=  0.470845E-01 CRITERION=  0.100000E-03

     HT FLOW CONVERGENCE VALUE=  0.3567E-01  CRITERION=  0.1856E-02
    EQUIL ITER   2 COMPLETED.  NEW TRIANG MATRIX.  MAX DOF INC= -0.4734    
     HT FLOW CONVERGENCE VALUE=  0.1638E-11  CRITERION=  0.1856E-02 <<< CONVERGED
    >>> SOLUTION CONVERGED AFTER EQUILIBRIUM ITERATION   2

 RADIOSITY SOLVER CALCULATION
 ENCLOSURE NUMBER=   1
 RADIOSITY SOLVER CONVERGED AFTER    6 ITERATIONS
 TIME OF RADIOSITY SOLVER FOR ENCLOSURE=   0.00000    
 RAD FLUX CONVERGENCE VALUE=  0.109865E-02 CRITERION=  0.100000E-03

     HT FLOW CONVERGENCE VALUE=  0.1665E-01  CRITERION=  0.3917E-02
    EQUIL ITER   3 COMPLETED.  NEW TRIANG MATRIX.  MAX DOF INC= -0.3093    
     HT FLOW CONVERGENCE VALUE=  0.1748E-11  CRITERION=  0.3917E-02 <<< CONVERGED
    >>> SOLUTION CONVERGED AFTER EQUILIBRIUM ITERATION   3

 RADIOSITY SOLVER CALCULATION
 ENCLOSURE NUMBER=   1
 RADIOSITY SOLVER CONVERGED AFTER   10 ITERATIONS
 TIME OF RADIOSITY SOLVER FOR ENCLOSURE=   0.00000    
 RAD FLUX CONVERGENCE VALUE=  0.237782E-02 CRITERION=  0.100000E-03

     HT FLOW CONVERGENCE VALUE=  0.1047E-01  CRITERION=  0.1537E-02
    EQUIL ITER   4 COMPLETED.  NEW TRIANG MATRIX.  MAX DOF INC=  0.2946E-01
     HT FLOW CONVERGENCE VALUE=  0.1668E-11  CRITERION=  0.1537E-02 <<< CONVERGED
    >>> SOLUTION CONVERGED AFTER EQUILIBRIUM ITERATION   4

 RADIOSITY SOLVER CALCULATION
 ENCLOSURE NUMBER=   1
 RADIOSITY SOLVER CONVERGED AFTER    1 ITERATIONS
 TIME OF RADIOSITY SOLVER FOR ENCLOSURE=   0.00000    
 RAD FLUX CONVERGENCE VALUE=  0.104194E-03 CRITERION=  0.100000E-03

     HT FLOW CONVERGENCE VALUE=  0.3437E-02  CRITERION=  0.1716E-02
    EQUIL ITER   5 COMPLETED.  NEW TRIANG MATRIX.  MAX DOF INC=  0.4435E-01
     HT FLOW CONVERGENCE VALUE=  0.1636E-11  CRITERION=  0.1716E-02 <<< CONVERGED
    >>> SOLUTION CONVERGED AFTER EQUILIBRIUM ITERATION   5

 RADIOSITY SOLVER CALCULATION
 ENCLOSURE NUMBER=   1
 RADIOSITY SOLVER CONVERGED AFTER    1 ITERATIONS
 TIME OF RADIOSITY SOLVER FOR ENCLOSURE=   0.00000    
 RAD FLUX CONVERGENCE VALUE=  0.592552E-04 CRITERION=  0.100000E-03

 RADIOSITY FLUX CONVERGED AFTER ITERATION=    5 SUBSTEP=    6

     HT FLOW CONVERGENCE VALUE=  0.3614E-02  CRITERION=  0.1631E-02
    EQUIL ITER   6 COMPLETED.  NEW TRIANG MATRIX.  MAX DOF INC=  0.5289E-01
     HT FLOW CONVERGENCE VALUE=  0.1641E-11  CRITERION=  0.1631E-02 <<< CONVERGED
    >>> SOLUTION CONVERGED AFTER EQUILIBRIUM ITERATION   6
 *** LOAD STEP     1   SUBSTEP     6  COMPLETED.    CUM ITER =     21
 *** TIME =  0.310000         TIME INC =  0.900000E-01
 *** AUTO STEP TIME:  NEXT TIME INC = 0.90000E-01  UNCHANGED

     HT FLOW CONVERGENCE VALUE=  0.1780      CRITERION=  0.1632E-02
    EQUIL ITER   1 COMPLETED.  NEW TRIANG MATRIX.  MAX DOF INC=   6.495    
     HT FLOW CONVERGENCE VALUE=  0.1642E-11  CRITERION=  0.1632E-02 <<< CONVERGED
    >>> SOLUTION CONVERGED AFTER EQUILIBRIUM ITERATION   1

 RADIOSITY SOLVER CALCULATION
 ENCLOSURE NUMBER=   1
 RADIOSITY SOLVER CONVERGED AFTER   35 ITERATIONS
 TIME OF RADIOSITY SOLVER FOR ENCLOSURE=  0.156250E-01
 RAD FLUX CONVERGENCE VALUE=  0.484839E-01 CRITERION=  0.100000E-03

     HT FLOW CONVERGENCE VALUE=  0.3699E-01  CRITERION=  0.1696E-02
    EQUIL ITER   2 COMPLETED.  NEW TRIANG MATRIX.  MAX DOF INC= -0.6512    
     HT FLOW CONVERGENCE VALUE=  0.1728E-11  CRITERION=  0.1696E-02 <<< CONVERGED
    >>> SOLUTION CONVERGED AFTER EQUILIBRIUM ITERATION   2

 RADIOSITY SOLVER CALCULATION
 ENCLOSURE NUMBER=   1
 RADIOSITY SOLVER CONVERGED AFTER   11 ITERATIONS
 TIME OF RADIOSITY SOLVER FOR ENCLOSURE=  0.156250E-01
 RAD FLUX CONVERGENCE VALUE=  0.268729E-02 CRITERION=  0.100000E-03

     HT FLOW CONVERGENCE VALUE=  0.1152E-01  CRITERION=  0.2395E-02
    EQUIL ITER   3 COMPLETED.  NEW TRIANG MATRIX.  MAX DOF INC= -0.2573    
     HT FLOW CONVERGENCE VALUE=  0.1691E-11  CRITERION=  0.2395E-02 <<< CONVERGED
    >>> SOLUTION CONVERGED AFTER EQUILIBRIUM ITERATION   3

 RADIOSITY SOLVER CALCULATION
 ENCLOSURE NUMBER=   1
 RADIOSITY SOLVER CONVERGED AFTER    9 ITERATIONS
 TIME OF RADIOSITY SOLVER FOR ENCLOSURE=   0.00000    
 RAD FLUX CONVERGENCE VALUE=  0.199832E-02 CRITERION=  0.100000E-03

     HT FLOW CONVERGENCE VALUE=  0.4369E-02  CRITERION=  0.1605E-02
    EQUIL ITER   4 COMPLETED.  NEW TRIANG MATRIX.  MAX DOF INC=  0.2990E-01
     HT FLOW CONVERGENCE VALUE=  0.1668E-11  CRITERION=  0.1605E-02 <<< CONVERGED
    >>> SOLUTION CONVERGED AFTER EQUILIBRIUM ITERATION   4

 RADIOSITY SOLVER CALCULATION
 ENCLOSURE NUMBER=   1
 RADIOSITY SOLVER CONVERGED AFTER    1 ITERATIONS
 TIME OF RADIOSITY SOLVER FOR ENCLOSURE=   0.00000    
 RAD FLUX CONVERGENCE VALUE=  0.102628E-03 CRITERION=  0.100000E-03

     HT FLOW CONVERGENCE VALUE=  0.3873E-02  CRITERION=  0.7465E-02 <<< CONVERGED
    >>> SOLUTION CONVERGED AFTER EQUILIBRIUM ITERATION   4

 RADIOSITY SOLVER CALCULATION
 ENCLOSURE NUMBER=   1
 RADIOSITY SOLVER CONVERGED AFTER    1 ITERATIONS
 TIME OF RADIOSITY SOLVER FOR ENCLOSURE=   0.00000    
 RAD FLUX CONVERGENCE VALUE=  0.923690E-04 CRITERION=  0.100000E-03

 RADIOSITY FLUX CONVERGED AFTER ITERATION=    5 SUBSTEP=    7

     HT FLOW CONVERGENCE VALUE=  0.4135E-02  CRITERION=  0.3793E-02
    EQUIL ITER   5 COMPLETED.  NEW TRIANG MATRIX.  MAX DOF INC=  0.5796E-01
     HT FLOW CONVERGENCE VALUE=  0.1755E-11  CRITERION=  0.3793E-02 <<< CONVERGED
    >>> SOLUTION CONVERGED AFTER EQUILIBRIUM ITERATION   5
 *** LOAD STEP     1   SUBSTEP     7  COMPLETED.    CUM ITER =     26
 *** TIME =  0.400000         TIME INC =  0.900000E-01
 *** AUTO TIME STEP:  NEXT TIME INC = 0.10000      INCREASED (FACTOR = 1.1111)

     HT FLOW CONVERGENCE VALUE=  0.1978      CRITERION=  0.3794E-02
    EQUIL ITER   1 COMPLETED.  NEW TRIANG MATRIX.  MAX DOF INC=   7.010    
     HT FLOW CONVERGENCE VALUE=  0.1561E-11  CRITERION=  0.3794E-02 <<< CONVERGED
    >>> SOLUTION CONVERGED AFTER EQUILIBRIUM ITERATION   1

 RADIOSITY SOLVER CALCULATION
 ENCLOSURE NUMBER=   1
 RADIOSITY SOLVER CONVERGED AFTER   36 ITERATIONS
 TIME OF RADIOSITY SOLVER FOR ENCLOSURE=  0.156250E-01
 RAD FLUX CONVERGENCE VALUE=  0.529386E-01 CRITERION=  0.100000E-03

     HT FLOW CONVERGENCE VALUE=  0.4556E-01  CRITERION=  0.1616E-02
    EQUIL ITER   2 COMPLETED.  NEW TRIANG MATRIX.  MAX DOF INC= -0.8834    
     HT FLOW CONVERGENCE VALUE=  0.1752E-11  CRITERION=  0.1616E-02 <<< CONVERGED
    >>> SOLUTION CONVERGED AFTER EQUILIBRIUM ITERATION   2

 RADIOSITY SOLVER CALCULATION
 ENCLOSURE NUMBER=   1
 RADIOSITY SOLVER CONVERGED AFTER   15 ITERATIONS
 TIME OF RADIOSITY SOLVER FOR ENCLOSURE=   0.00000    
 RAD FLUX CONVERGENCE VALUE=  0.467656E-02 CRITERION=  0.100000E-03

     HT FLOW CONVERGENCE VALUE=  0.8607E-02  CRITERION=  0.4503E-02
    EQUIL ITER   3 COMPLETED.  NEW TRIANG MATRIX.  MAX DOF INC= -0.1969    
     HT FLOW CONVERGENCE VALUE=  0.1640E-11  CRITERION=  0.4503E-02 <<< CONVERGED
    >>> SOLUTION CONVERGED AFTER EQUILIBRIUM ITERATION   3

 RADIOSITY SOLVER CALCULATION
 ENCLOSURE NUMBER=   1
 RADIOSITY SOLVER CONVERGED AFTER    8 ITERATIONS
 TIME OF RADIOSITY SOLVER FOR ENCLOSURE=   0.00000    
 RAD FLUX CONVERGENCE VALUE=  0.158957E-02 CRITERION=  0.100000E-03

     HT FLOW CONVERGENCE VALUE=  0.4177E-02  CRITERION=  0.6169E-02 <<< CONVERGED
    >>> SOLUTION CONVERGED AFTER EQUILIBRIUM ITERATION   3

 RADIOSITY SOLVER CALCULATION
 ENCLOSURE NUMBER=   1
 RADIOSITY SOLVER CONVERGED AFTER    1 ITERATIONS
 TIME OF RADIOSITY SOLVER FOR ENCLOSURE=   0.00000    
 RAD FLUX CONVERGENCE VALUE=  0.120106E-03 CRITERION=  0.100000E-03

     HT FLOW CONVERGENCE VALUE=  0.8068E-02  CRITERION=  0.3200E-01 <<< CONVERGED
    >>> SOLUTION CONVERGED AFTER EQUILIBRIUM ITERATION   3

 RADIOSITY SOLVER CALCULATION
 ENCLOSURE NUMBER=   1
 RADIOSITY SOLVER CONVERGED AFTER    1 ITERATIONS
 TIME OF RADIOSITY SOLVER FOR ENCLOSURE=   0.00000    
 RAD FLUX CONVERGENCE VALUE=  0.108097E-03 CRITERION=  0.100000E-03

     HT FLOW CONVERGENCE VALUE=  0.5179E-02  CRITERION=  0.3642E-02
    EQUIL ITER   4 COMPLETED.  NEW TRIANG MATRIX.  MAX DOF INC=  0.6703E-01
     HT FLOW CONVERGENCE VALUE=  0.1711E-11  CRITERION=  0.3642E-02 <<< CONVERGED
    >>> SOLUTION CONVERGED AFTER EQUILIBRIUM ITERATION   4

 RADIOSITY SOLVER CALCULATION
 ENCLOSURE NUMBER=   1
 RADIOSITY SOLVER CONVERGED AFTER    1 ITERATIONS
 TIME OF RADIOSITY SOLVER FOR ENCLOSURE=   0.00000    
 RAD FLUX CONVERGENCE VALUE=  0.434937E-04 CRITERION=  0.100000E-03

 RADIOSITY FLUX CONVERGED AFTER ITERATION=    6 SUBSTEP=    8

     HT FLOW CONVERGENCE VALUE=  0.6527E-02  CRITERION=  0.1631E-02
    EQUIL ITER   5 COMPLETED.  NEW TRIANG MATRIX.  MAX DOF INC=  0.7347E-01
     HT FLOW CONVERGENCE VALUE=  0.1651E-11  CRITERION=  0.1631E-02 <<< CONVERGED
    >>> SOLUTION CONVERGED AFTER EQUILIBRIUM ITERATION   5
 *** LOAD STEP     1   SUBSTEP     8  COMPLETED.    CUM ITER =     31
 *** TIME =  0.500000         TIME INC =  0.100000    
 *** AUTO STEP TIME:  NEXT TIME INC = 0.10000      UNCHANGED

     HT FLOW CONVERGENCE VALUE=  0.1978      CRITERION=  0.1632E-02
    EQUIL ITER   1 COMPLETED.  NEW TRIANG MATRIX.  MAX DOF INC=   6.821    
     HT FLOW CONVERGENCE VALUE=  0.1552E-11  CRITERION=  0.1632E-02 <<< CONVERGED
    >>> SOLUTION CONVERGED AFTER EQUILIBRIUM ITERATION   1

 RADIOSITY SOLVER CALCULATION
 ENCLOSURE NUMBER=   1
 RADIOSITY SOLVER CONVERGED AFTER   36 ITERATIONS
 TIME OF RADIOSITY SOLVER FOR ENCLOSURE=  0.156250E-01
 RAD FLUX CONVERGENCE VALUE=  0.527386E-01 CRITERION=  0.100000E-03

     HT FLOW CONVERGENCE VALUE=  0.5656E-01  CRITERION=  0.1655E-02
    EQUIL ITER   2 COMPLETED.  NEW TRIANG MATRIX.  MAX DOF INC=  -1.123    
     HT FLOW CONVERGENCE VALUE=  0.1652E-11  CRITERION=  0.1655E-02 <<< CONVERGED
    >>> SOLUTION CONVERGED AFTER EQUILIBRIUM ITERATION   2

 RADIOSITY SOLVER CALCULATION
 ENCLOSURE NUMBER=   1
 RADIOSITY SOLVER CONVERGED AFTER   18 ITERATIONS
 TIME OF RADIOSITY SOLVER FOR ENCLOSURE=   0.00000    
 RAD FLUX CONVERGENCE VALUE=  0.674810E-02 CRITERION=  0.100000E-03

     HT FLOW CONVERGENCE VALUE=  0.5804E-02  CRITERION=  0.2596E-02
    EQUIL ITER   3 COMPLETED.  NEW TRIANG MATRIX.  MAX DOF INC= -0.1258    
     HT FLOW CONVERGENCE VALUE=  0.1767E-11  CRITERION=  0.2596E-02 <<< CONVERGED
    >>> SOLUTION CONVERGED AFTER EQUILIBRIUM ITERATION   3

 RADIOSITY SOLVER CALCULATION
 ENCLOSURE NUMBER=   1
 RADIOSITY SOLVER CONVERGED AFTER    6 ITERATIONS
 TIME OF RADIOSITY SOLVER FOR ENCLOSURE=   0.00000    
 RAD FLUX CONVERGENCE VALUE=  0.103653E-02 CRITERION=  0.100000E-03

     HT FLOW CONVERGENCE VALUE=  0.3452E-02  CRITERION=  0.1908E-02
    EQUIL ITER   4 COMPLETED.  NEW TRIANG MATRIX.  MAX DOF INC=  0.2633E-01
     HT FLOW CONVERGENCE VALUE=  0.1663E-11  CRITERION=  0.1908E-02 <<< CONVERGED
    >>> SOLUTION CONVERGED AFTER EQUILIBRIUM ITERATION   4

 RADIOSITY SOLVER CALCULATION
 ENCLOSURE NUMBER=   1
 RADIOSITY SOLVER CONVERGED AFTER    1 ITERATIONS
 TIME OF RADIOSITY SOLVER FOR ENCLOSURE=   0.00000    
 RAD FLUX CONVERGENCE VALUE=  0.961626E-04 CRITERION=  0.100000E-03

 RADIOSITY FLUX CONVERGED AFTER ITERATION=    4 SUBSTEP=    9

     HT FLOW CONVERGENCE VALUE=  0.3642E-02  CRITERION=  0.2160E-02
    EQUIL ITER   5 COMPLETED.  NEW TRIANG MATRIX.  MAX DOF INC=  0.4044E-01
     HT FLOW CONVERGENCE VALUE=  0.1765E-11  CRITERION=  0.2160E-02 <<< CONVERGED
    >>> SOLUTION CONVERGED AFTER EQUILIBRIUM ITERATION   5
 *** LOAD STEP     1   SUBSTEP     9  COMPLETED.    CUM ITER =     36
 *** TIME =  0.600000         TIME INC =  0.100000    
 *** AUTO STEP TIME:  NEXT TIME INC = 0.10000      UNCHANGED

     HT FLOW CONVERGENCE VALUE=  0.1978      CRITERION=  0.2162E-02
    EQUIL ITER   1 COMPLETED.  NEW TRIANG MATRIX.  MAX DOF INC=   6.623    
     HT FLOW CONVERGENCE VALUE=  0.1652E-11  CRITERION=  0.2162E-02 <<< CONVERGED
    >>> SOLUTION CONVERGED AFTER EQUILIBRIUM ITERATION   1

 RADIOSITY SOLVER CALCULATION
 ENCLOSURE NUMBER=   1
 RADIOSITY SOLVER CONVERGED AFTER   37 ITERATIONS
 TIME OF RADIOSITY SOLVER FOR ENCLOSURE=  0.156250E-01
 RAD FLUX CONVERGENCE VALUE=  0.511900E-01 CRITERION=  0.100000E-03

     HT FLOW CONVERGENCE VALUE=  0.6004E-01  CRITERION=  0.1686E-02
    EQUIL ITER   2 COMPLETED.  NEW TRIANG MATRIX.  MAX DOF INC=  -1.189    
     HT FLOW CONVERGENCE VALUE=  0.1701E-11  CRITERION=  0.1686E-02 <<< CONVERGED
    >>> SOLUTION CONVERGED AFTER EQUILIBRIUM ITERATION   2

 RADIOSITY SOLVER CALCULATION
 ENCLOSURE NUMBER=   1
 RADIOSITY SOLVER CONVERGED AFTER   19 ITERATIONS
 TIME OF RADIOSITY SOLVER FOR ENCLOSURE=  0.156250E-01
 RAD FLUX CONVERGENCE VALUE=  0.755259E-02 CRITERION=  0.100000E-03

     HT FLOW CONVERGENCE VALUE=  0.3811E-02  CRITERION=  0.1959E-02
    EQUIL ITER   3 COMPLETED.  NEW TRIANG MATRIX.  MAX DOF INC= -0.6273E-01
     HT FLOW CONVERGENCE VALUE=  0.1740E-11  CRITERION=  0.1959E-02 <<< CONVERGED
    >>> SOLUTION CONVERGED AFTER EQUILIBRIUM ITERATION   3

 RADIOSITY SOLVER CALCULATION
 ENCLOSURE NUMBER=   1
 RADIOSITY SOLVER CONVERGED AFTER    4 ITERATIONS
 TIME OF RADIOSITY SOLVER FOR ENCLOSURE=   0.00000    
 RAD FLUX CONVERGENCE VALUE=  0.581971E-03 CRITERION=  0.100000E-03

     HT FLOW CONVERGENCE VALUE=  0.2896E-02  CRITERION=  0.1736E-02
    EQUIL ITER   4 COMPLETED.  NEW TRIANG MATRIX.  MAX DOF INC=  0.2375E-01
     HT FLOW CONVERGENCE VALUE=  0.1761E-11  CRITERION=  0.1736E-02 <<< CONVERGED
    >>> SOLUTION CONVERGED AFTER EQUILIBRIUM ITERATION   4

 RADIOSITY SOLVER CALCULATION
 ENCLOSURE NUMBER=   1
 RADIOSITY SOLVER CONVERGED AFTER    1 ITERATIONS
 TIME OF RADIOSITY SOLVER FOR ENCLOSURE=  0.156250E-01
 RAD FLUX CONVERGENCE VALUE=  0.915464E-04 CRITERION=  0.100000E-03

 RADIOSITY FLUX CONVERGED AFTER ITERATION=    4 SUBSTEP=   10

     HT FLOW CONVERGENCE VALUE=  0.3052E-02  CRITERION=  0.1672E-02
    EQUIL ITER   5 COMPLETED.  NEW TRIANG MATRIX.  MAX DOF INC=  0.3734E-01
     HT FLOW CONVERGENCE VALUE=  0.1733E-11  CRITERION=  0.1672E-02 <<< CONVERGED
    >>> SOLUTION CONVERGED AFTER EQUILIBRIUM ITERATION   5
 *** LOAD STEP     1   SUBSTEP    10  COMPLETED.    CUM ITER =     41
 *** TIME =  0.700000         TIME INC =  0.100000    
 *** AUTO STEP TIME:  NEXT TIME INC = 0.10000      UNCHANGED

     HT FLOW CONVERGENCE VALUE=  0.1978      CRITERION=  0.1675E-02
    EQUIL ITER   1 COMPLETED.  NEW TRIANG MATRIX.  MAX DOF INC=   6.452    
     HT FLOW CONVERGENCE VALUE=  0.1637E-11  CRITERION=  0.1675E-02 <<< CONVERGED
    >>> SOLUTION CONVERGED AFTER EQUILIBRIUM ITERATION   1

 RADIOSITY SOLVER CALCULATION
 ENCLOSURE NUMBER=   1
 RADIOSITY SOLVER CONVERGED AFTER   37 ITERATIONS
 TIME OF RADIOSITY SOLVER FOR ENCLOSURE=  0.156250E-01
 RAD FLUX CONVERGENCE VALUE=  0.503183E-01 CRITERION=  0.100000E-03

     HT FLOW CONVERGENCE VALUE=  0.6629E-01  CRITERION=  0.1698E-02
    EQUIL ITER   2 COMPLETED.  NEW TRIANG MATRIX.  MAX DOF INC=  -1.317    
     HT FLOW CONVERGENCE VALUE=  0.1838E-11  CRITERION=  0.1698E-02 <<< CONVERGED
    >>> SOLUTION CONVERGED AFTER EQUILIBRIUM ITERATION   2

 RADIOSITY SOLVER CALCULATION
 ENCLOSURE NUMBER=   1
 RADIOSITY SOLVER CONVERGED AFTER   21 ITERATIONS
 TIME OF RADIOSITY SOLVER FOR ENCLOSURE=  0.156250E-01
 RAD FLUX CONVERGENCE VALUE=  0.881195E-02 CRITERION=  0.100000E-03

     HT FLOW CONVERGENCE VALUE=  0.4112E-02  CRITERION=  0.1871E-02
    EQUIL ITER   3 COMPLETED.  NEW TRIANG MATRIX.  MAX DOF INC=  0.1066E-01
     HT FLOW CONVERGENCE VALUE=  0.1712E-11  CRITERION=  0.1871E-02 <<< CONVERGED
    >>> SOLUTION CONVERGED AFTER EQUILIBRIUM ITERATION   3

 RADIOSITY SOLVER CALCULATION
 ENCLOSURE NUMBER=   1
 RADIOSITY SOLVER CONVERGED AFTER    1 ITERATIONS
 TIME OF RADIOSITY SOLVER FOR ENCLOSURE=   0.00000    
 RAD FLUX CONVERGENCE VALUE=  0.993292E-04 CRITERION=  0.100000E-03

 RADIOSITY FLUX CONVERGED AFTER ITERATION=    3 SUBSTEP=   11

     HT FLOW CONVERGENCE VALUE=  0.3308E-02  CRITERION=  0.1691E-02
    EQUIL ITER   4 COMPLETED.  NEW TRIANG MATRIX.  MAX DOF INC=  0.2553E-01
     HT FLOW CONVERGENCE VALUE=  0.1669E-11  CRITERION=  0.1691E-02 <<< CONVERGED
    >>> SOLUTION CONVERGED AFTER EQUILIBRIUM ITERATION   4
 *** LOAD STEP     1   SUBSTEP    11  COMPLETED.    CUM ITER =     45
 *** TIME =  0.800000         TIME INC =  0.100000    
 *** AUTO STEP TIME:  NEXT TIME INC = 0.10000      UNCHANGED

     HT FLOW CONVERGENCE VALUE=  0.1978      CRITERION=  0.1694E-02
    EQUIL ITER   1 COMPLETED.  NEW TRIANG MATRIX.  MAX DOF INC=   6.292    
     HT FLOW CONVERGENCE VALUE=  0.1657E-11  CRITERION=  0.1694E-02 <<< CONVERGED
    >>> SOLUTION CONVERGED AFTER EQUILIBRIUM ITERATION   1

 RADIOSITY SOLVER CALCULATION
 ENCLOSURE NUMBER=   1
 RADIOSITY SOLVER CONVERGED AFTER   37 ITERATIONS
 TIME OF RADIOSITY SOLVER FOR ENCLOSURE=  0.156250E-01
 RAD FLUX CONVERGENCE VALUE=  0.492466E-01 CRITERION=  0.100000E-03

     HT FLOW CONVERGENCE VALUE=  0.7087E-01  CRITERION=  0.1413E-01
    EQUIL ITER   2 COMPLETED.  NEW TRIANG MATRIX.  MAX DOF INC=  -1.410    
     HT FLOW CONVERGENCE VALUE=  0.1802E-11  CRITERION=  0.1413E-01 <<< CONVERGED
    >>> SOLUTION CONVERGED AFTER EQUILIBRIUM ITERATION   2

 RADIOSITY SOLVER CALCULATION
 ENCLOSURE NUMBER=   1
 RADIOSITY SOLVER CONVERGED AFTER   22 ITERATIONS
 TIME OF RADIOSITY SOLVER FOR ENCLOSURE=  0.156250E-01
 RAD FLUX CONVERGENCE VALUE=  0.970421E-02 CRITERION=  0.100000E-03

     HT FLOW CONVERGENCE VALUE=  0.7204E-01  CRITERION=  0.1705E-02
    EQUIL ITER   3 COMPLETED.  NEW TRIANG MATRIX.  MAX DOF INC=  0.6746E-01
     HT FLOW CONVERGENCE VALUE=  0.1839E-11  CRITERION=  0.1705E-02 <<< CONVERGED
    >>> SOLUTION CONVERGED AFTER EQUILIBRIUM ITERATION   3

 RADIOSITY SOLVER CALCULATION
 ENCLOSURE NUMBER=   1
 RADIOSITY SOLVER CONVERGED AFTER    1 ITERATIONS
 TIME OF RADIOSITY SOLVER FOR ENCLOSURE=   0.00000    
 RAD FLUX CONVERGENCE VALUE=  0.498601E-04 CRITERION=  0.100000E-03

 RADIOSITY FLUX CONVERGED AFTER ITERATION=    3 SUBSTEP=   12

     HT FLOW CONVERGENCE VALUE=  0.4343E-02  CRITERION=  0.1734E-02
    EQUIL ITER   4 COMPLETED.  NEW TRIANG MATRIX.  MAX DOF INC=  0.7516E-01
     HT FLOW CONVERGENCE VALUE=  0.1790E-11  CRITERION=  0.1734E-02 <<< CONVERGED
    >>> SOLUTION CONVERGED AFTER EQUILIBRIUM ITERATION   4
 *** LOAD STEP     1   SUBSTEP    12  COMPLETED.    CUM ITER =     49
 *** TIME =  0.900000         TIME INC =  0.100000    
 *** AUTO STEP TIME:  NEXT TIME INC = 0.10000      UNCHANGED

     HT FLOW CONVERGENCE VALUE=  0.1978      CRITERION=  0.1736E-02
    EQUIL ITER   1 COMPLETED.  NEW TRIANG MATRIX.  MAX DOF INC=   6.150    
     HT FLOW CONVERGENCE VALUE=  0.1652E-11  CRITERION=  0.1736E-02 <<< CONVERGED
    >>> SOLUTION CONVERGED AFTER EQUILIBRIUM ITERATION   1

 RADIOSITY SOLVER CALCULATION
 ENCLOSURE NUMBER=   1
 RADIOSITY SOLVER CONVERGED AFTER   37 ITERATIONS
 TIME OF RADIOSITY SOLVER FOR ENCLOSURE=  0.156250E-01
 RAD FLUX CONVERGENCE VALUE=  0.492117E-01 CRITERION=  0.100000E-03

     HT FLOW CONVERGENCE VALUE=  0.7909E-01  CRITERION=  0.1717E-02
    EQUIL ITER   2 COMPLETED.  NEW TRIANG MATRIX.  MAX DOF INC=  -1.593    
     HT FLOW CONVERGENCE VALUE=  0.1789E-11  CRITERION=  0.1717E-02 <<< CONVERGED
    >>> SOLUTION CONVERGED AFTER EQUILIBRIUM ITERATION   2

 RADIOSITY SOLVER CALCULATION
 ENCLOSURE NUMBER=   1
 RADIOSITY SOLVER CONVERGED AFTER   24 ITERATIONS
 TIME OF RADIOSITY SOLVER FOR ENCLOSURE=  0.156250E-01
 RAD FLUX CONVERGENCE VALUE=  0.113892E-01 CRITERION=  0.100000E-03

     HT FLOW CONVERGENCE VALUE=  0.1030E-01  CRITERION=  0.1802E-02
    EQUIL ITER   3 COMPLETED.  NEW TRIANG MATRIX.  MAX DOF INC=  0.1595    
     HT FLOW CONVERGENCE VALUE=  0.1659E-11  CRITERION=  0.1802E-02 <<< CONVERGED
    >>> SOLUTION CONVERGED AFTER EQUILIBRIUM ITERATION   3

 RADIOSITY SOLVER CALCULATION
 ENCLOSURE NUMBER=   1
 RADIOSITY SOLVER CONVERGED AFTER    1 ITERATIONS
 TIME OF RADIOSITY SOLVER FOR ENCLOSURE=   0.00000    
 RAD FLUX CONVERGENCE VALUE=  0.348801E-04 CRITERION=  0.100000E-03

 RADIOSITY FLUX CONVERGED AFTER ITERATION=    3 SUBSTEP=   13

     HT FLOW CONVERGENCE VALUE=  0.9098E-02  CRITERION=  0.1684E-02
    EQUIL ITER   4 COMPLETED.  NEW TRIANG MATRIX.  MAX DOF INC=  0.1544    
     HT FLOW CONVERGENCE VALUE=  0.1680E-11  CRITERION=  0.1684E-02 <<< CONVERGED
    >>> SOLUTION CONVERGED AFTER EQUILIBRIUM ITERATION   4
 *** LOAD STEP     1   SUBSTEP    13  COMPLETED.    CUM ITER =     53
 *** TIME =   1.00000         TIME INC =  0.100000    


 *** MAPDL BINARY FILE STATISTICS
  BUFFER SIZE USED= 16384
        0.062 MB WRITTEN ON ELEMENT SAVED DATA FILE: file0.esav
        0.062 MB WRITTEN ON ASSEMBLED MATRIX FILE: file0.full
        2.375 MB WRITTEN ON RESULTS FILE: file0.rth
 *************** Write FE CONNECTORS *********

 WRITE OUT CONSTRAINT EQUATIONS TO FILE= file.ce                                                                                                                                                                                                                                                             
 ****************************************************
 *************** FINISHED SOLVE FOR LS 1 *************

 *GET  _WALLASOL  FROM  ACTI  ITEM=TIME WALL  VALUE=  16.0794444    

 FINISH SOLUTION PROCESSING


 ***** ROUTINE COMPLETED *****  CP =         8.109



 *** MAPDL - ENGINEERING ANALYSIS SYSTEM  RELEASE 2024 R2          24.2     ***
 Ansys Mechanical Enterprise                       
 20230322  VERSION=WINDOWS x64   16:04:47  AUG 09, 2025 CP=      8.125

 wbnew--Steady-State Thermal (A5)                                              



          ***** MAPDL RESULTS INTERPRETATION (POST1) *****

 *** NOTE ***                            CP =       8.125   TIME= 16:04:47
 Reading results into the database (SET command) will update the current 
 displacement and force boundary conditions in the database with the     
 values from the results file for that load set.  Note that any          
 subsequent solutions will use these values unless action is taken to    
 either SAVE the current values or not overwrite them (/EXIT,NOSAVE).    

 Set Encoding of XML File to:ISO-8859-1

 Set Output of XML File to:
     PARM,     ,     ,     ,     ,     ,     ,     ,     ,     ,     ,     ,
         ,     ,     ,     ,     ,     ,     ,

 DATABASE WRITTEN ON FILE  parm.xml                                                                                                                                                                                                                                                            

 EXIT THE MAPDL POST1 DATABASE PROCESSOR


 ***** ROUTINE COMPLETED *****  CP =         8.125



 PRINTOUT RESUMED BY /GOP

 *GET  _WALLDONE  FROM  ACTI  ITEM=TIME WALL  VALUE=  16.0797222    

 PARAMETER _PREPTIME =     0.000000000    

 PARAMETER _SOLVTIME =     7.000000000    

 PARAMETER _POSTTIME =     1.000000000    

 PARAMETER _TOTALTIM =     8.000000000    

 *GET  _DLBRATIO  FROM  ACTI  ITEM=SOLU DLBR  VALUE=  1.07231405    

 *GET  _COMBTIME  FROM  ACTI  ITEM=SOLU COMB  VALUE= 0.136605600    

 *GET  _SSMODE   FROM  ACTI  ITEM=SOLU SSMM  VALUE=  2.00000000    

 *GET  _NDOFS    FROM  ACTI  ITEM=SOLU NDOF  VALUE=  1723.00000    

 /FCLEAN COMMAND REMOVING ALL LOCAL FILES
 --- Total number of nodes = 1724
 --- Total number of elements = 3044
 --- Element load balance ratio = 1.07231405
 --- Time to combine distributed files = 0.1366056
 --- Sparse memory mode = 2
 --- Number of DOF = 1723

 EXIT MAPDL WITHOUT SAVING DATABASE


 NUMBER OF WARNING MESSAGES ENCOUNTERED=          1
 NUMBER OF ERROR   MESSAGES ENCOUNTERED=          0

+--------------------- M A P D L   S T A T I S T I C S ------------------------+

Release: 2024 R2            Build: 24.2       Update: UP20240603   Platform: WINDOWS x64 
Date Run: 08/09/2025   Time: 16:04     Process ID: 25508
Operating System: Windows 11  (Build: 26100)

Processor Model: Intel(R) Core(TM) i5-10300H CPU @ 2.50GHz

Compiler: Intel(R) Fortran Compiler Classic Version 2021.9  (Build: 20230302)
          Intel(R) C/C++ Compiler Classic Version 2021.9  (Build: 20230302)
          Intel(R) oneAPI Math Kernel Library Version 2023.1-Product Build 20230303

Number of machines requested            :    1
Total number of cores available         :    8
Number of physical cores available      :    4
Number of processes requested           :    4
Number of threads per process requested :    1
Total number of cores requested         :    4 (Distributed Memory Parallel)               
MPI Type: INTELMPI
MPI Version: Intel(R) MPI Library 2021.11 for Windows* OS


GPU Acceleration: Not Requested

Job Name: file0
Input File: dummy.dat

  Core                Machine Name   Working Directory
 -----------------------------------------------------
     0             LAPTOP-OBKMVEK4   C:\Users\SRUJANA.S\AppData\Local\Temp\WB_SRUJANA.S_24516_2\_ProjectScratch\Scr187D
     1             LAPTOP-OBKMVEK4   C:\Users\SRUJANA.S\AppData\Local\Temp\WB_SRUJANA.S_24516_2\_ProjectScratch\Scr187D
     2             LAPTOP-OBKMVEK4   C:\Users\SRUJANA.S\AppData\Local\Temp\WB_SRUJANA.S_24516_2\_ProjectScratch\Scr187D
     3             LAPTOP-OBKMVEK4   C:\Users\SRUJANA.S\AppData\Local\Temp\WB_SRUJANA.S_24516_2\_ProjectScratch\Scr187D
 
Latency time from master to core     1 =    3.118 microseconds
Latency time from master to core     2 =    4.280 microseconds
Latency time from master to core     3 =    3.630 microseconds
 
Communication speed from master to core     1 =  2391.37 MB/sec
Communication speed from master to core     2 =  2672.20 MB/sec
Communication speed from master to core     3 =  2312.27 MB/sec

Total CPU time for main thread                    :        7.5 seconds
Total CPU time summed for all threads             :        8.9 seconds

Elapsed time spent obtaining a license            :        0.6 seconds
Elapsed time spent pre-processing model (/PREP7)  :        0.1 seconds
Elapsed time spent solution - preprocessing       :        0.1 seconds
Elapsed time spent computing solution             :        6.8 seconds
Elapsed time spent solution - postprocessing      :        0.1 seconds
Elapsed time spent post-processing model (/POST1) :        0.0 seconds
 
Equation solver used                              :            Sparse (symmetric)

Sum of disk space used on all processes           :       20.2 MB

Sum of memory used on all processes               :      197.0 MB
Sum of memory allocated on all processes          :     2880.0 MB
Physical memory available                         :          8 GB
Total amount of I/O written to disk               :        0.1 GB
Total amount of I/O read from disk                :        0.1 GB

+------------------ E N D   M A P D L   S T A T I S T I C S -------------------+


 *-----------------------------------------------------------------------------*
 |                                                                             |
 |                               RUN COMPLETED                                 |
 |                                                                             |
 |-----------------------------------------------------------------------------|
 |                                                                             |
 |  Ansys MAPDL 2024 R2         Build 24.2         UP20240603    WINDOWS x64   |
 |                                                                             |
 |-----------------------------------------------------------------------------|
 |                                                                             |
 |  Database Requested(-db)     1024 MB     Scratch Memory Requested   1024 MB |
 |  Max Database Used(Master)      4 MB     Max Scratch Used(Master)     48 MB |
 |  Max Database Used(Workers)     1 MB     Max Scratch Used(Workers)    48 MB |
 |  Sum Database Used(All)         7 MB     Sum Scratch Used(All)       190 MB |
 |                                                                             |
 |-----------------------------------------------------------------------------|
 |                                                                             |
 |        CP Time      (sec) =          8.859       Time  =  16:04:49          |
 |        Elapsed Time (sec) =         12.000       Date  =  08/09/2025        |
 |                                                                             |
 *-----------------------------------------------------------------------------*
